[35m[Appium][39m Welcome to Appium v1.22.3
[35m[Appium][39m Non-default server args:
[35m[Appium][39m   port: 55814
[35m[Appium][39m   loglevel: info
[35m[Appium][39m   tmpDir: C:\Users\1722\AppData\Local\Temp\\Katalon\Appium\Temp1706248824398
[35m[Appium][39m Appium REST http interface listener started on 0.0.0.0:55814
[35m[HTTP][39m [37m-->[39m [37mGET[39m [37m/wd/hub/status[39m
[35m[HTTP][39m [90m{}[39m
[35m[HTTP][39m [37m<-- GET /wd/hub/status [39m[32m200[39m [90m6 ms - 68[39m
[35m[HTTP][39m [90m[39m
[35m[HTTP][39m [37m-->[39m [37mGET[39m [37m/wd/hub/status[39m
[35m[HTTP][39m [90m{}[39m
[35m[HTTP][39m [37m<-- GET /wd/hub/status [39m[32m200[39m [90m1 ms - 68[39m
[35m[HTTP][39m [90m[39m
[35m[HTTP][39m [37m-->[39m [37mPOST[39m [37m/wd/hub/session[39m
[35m[HTTP][39m [90m{"desiredCapabilities":{"appActivity":".Settings","appPackage":"com.android.settings","newCommandTimeout":1800,"platformVersion":"12","automationName":"uiautomator2","autoGrantPermissions":true,"platformName":"Android","udid":"192.168.202.102:5555","deviceName":"Genymobile Galaxy S8 (Android 12)","systemPort":8230},"capabilities":{"firstMatch":[{"appium:appActivity":".Settings","appium:appPackage":"com.android.settings","appium:autoGrantPermissions":true,"appium:automationName":"uiautomator2","appium:deviceName":"Genymobile Galaxy S8 (Android 12)","appium:newCommandTimeout":1800,"platformName":"android","appium:platformVersion":"12","appium:systemPort":8230,"appium:udid":"192.168.202.102:5555"}]}}[39m
[35m[Appium][39m Appium v1.22.3 creating new AndroidUiautomator2Driver (v1.70.1) session
[35m[BaseDriver][39m Session created with session id: e3f98f98-745f-434a-ad6a-3d9c6a0c8d49
[35m[UiAutomator2][39m Starting 'com.android.settings' directly on the device
[35m[ADB][39m Found 1 'build-tools' folders under 'C:\Users\1722\.katalon\tools\android_sdk' (newest first):
[35m[ADB][39m     C:/Users/1722/.katalon/tools/android_sdk/build-tools/29.0.3
[35m[ADB][39m Using 'adb.exe' from 'C:\Users\1722\.katalon\tools\android_sdk\platform-tools\adb.exe'
[35m[AndroidDriver][39m Retrieving device list
[35m[AndroidDriver][39m Using device: 192.168.202.102:5555
[35m[ADB][39m Using 'adb.exe' from 'C:\Users\1722\.katalon\tools\android_sdk\platform-tools\adb.exe'
[35m[ADB][39m Getting device platform version
[35m[UiAutomator2][39m Relaxing hidden api policy
[35m[AndroidDriver][39m No app sent in, not parsing package/activity
[35m[ADB][39m Using 'apksigner.jar' from 'C:\Users\1722\.katalon\tools\android_sdk\build-tools\29.0.3\lib\apksigner.jar'
[35m[ADB][39m 'C:\Users\1722\AppData\Roaming\npm\node_modules\appium\node_modules\appium-uiautomator2-server\apks\appium-uiautomator2-server-v4.27.0.apk' is signed with the default certificate
[35m[ADB][39m 'C:\Users\1722\AppData\Roaming\npm\node_modules\appium\node_modules\appium-uiautomator2-server\apks\appium-uiautomator2-server-debug-androidTest.apk' is signed with the default certificate
[35m[UiAutomator2][39m Server packages are not going to be (re)installed
[35m[ADB][39m Adding packages ["io.appium.settings","io.appium.uiautomator2.server","io.appium.uiautomator2.server.test"] to Doze whitelist
[35m[UiAutomator2][39m Starting UIAutomator2 server 4.27.0
[35m[UiAutomator2][39m Using UIAutomator2 server from 'C:\Users\1722\AppData\Roaming\npm\node_modules\appium\node_modules\appium-uiautomator2-server\apks\appium-uiautomator2-server-v4.27.0.apk' and test from 'C:\Users\1722\AppData\Roaming\npm\node_modules\appium\node_modules\appium-uiautomator2-server\apks\appium-uiautomator2-server-debug-androidTest.apk'
[35m[UiAutomator2][39m Waiting up to 30000ms for UiAutomator2 to be online...
[35m[WD Proxy][39m socket hang up
[35m[WD Proxy][39m socket hang up
[35m[WD Proxy][39m Determined the downstream protocol as 'W3C'
[35m[AndroidDriver][39m Screen already unlocked, doing nothing
[35m[UiAutomator2][39m Starting 'com.android.settings/.Settings and waiting for 'com.android.settings/.Settings'
[35m[Appium][39m New AndroidUiautomator2Driver session created successfully, session e3f98f98-745f-434a-ad6a-3d9c6a0c8d49 added to master session list
[35m[HTTP][39m [37m<-- POST /wd/hub/session [39m[32m200[39m [90m10478 ms - 1125[39m
[35m[HTTP][39m [90m[39m
[35m[HTTP][39m [37m-->[39m [37mGET[39m [37m/wd/hub/session/e3f98f98-745f-434a-ad6a-3d9c6a0c8d49[39m
[35m[HTTP][39m [90m{}[39m
[35m[HTTP][39m [37m<-- GET /wd/hub/session/e3f98f98-745f-434a-ad6a-3d9c6a0c8d49 [39m[32m200[39m [90m70 ms - 1079[39m
[35m[HTTP][39m [90m[39m
[35m[HTTP][39m [37m-->[39m [37mGET[39m [37m/wd/hub/session/e3f98f98-745f-434a-ad6a-3d9c6a0c8d49[39m
[35m[HTTP][39m [90m{}[39m
[35m[HTTP][39m [37m<-- GET /wd/hub/session/e3f98f98-745f-434a-ad6a-3d9c6a0c8d49 [39m[32m200[39m [90m37 ms - 1079[39m
[35m[HTTP][39m [90m[39m
[35m[HTTP][39m [37m-->[39m [37mGET[39m [37m/wd/hub/status[39m
[35m[HTTP][39m [90m{}[39m
[35m[HTTP][39m [37m<-- GET /wd/hub/status [39m[32m200[39m [90m1 ms - 68[39m
[35m[HTTP][39m [90m[39m
[35m[HTTP][39m [37m-->[39m [37mPOST[39m [37m/wd/hub/session/e3f98f98-745f-434a-ad6a-3d9c6a0c8d49/timeouts[39m
[35m[HTTP][39m [90m{"implicit":60000}[39m
[35m[HTTP][39m [37m<-- POST /wd/hub/session/e3f98f98-745f-434a-ad6a-3d9c6a0c8d49/timeouts [39m[32m200[39m [90m3 ms - 14[39m
[35m[HTTP][39m [90m[39m
[35m[HTTP][39m [37m-->[39m [37mGET[39m [37m/wd/hub/session/e3f98f98-745f-434a-ad6a-3d9c6a0c8d49/appium/device/system_bars[39m
[35m[HTTP][39m [90m{}[39m
[35m[HTTP][39m [37m<-- GET /wd/hub/session/e3f98f98-745f-434a-ad6a-3d9c6a0c8d49/appium/device/system_bars [39m[32m200[39m [90m77 ms - 145[39m
[35m[HTTP][39m [90m[39m
[35m[HTTP][39m [37m-->[39m [37mPOST[39m [37m/wd/hub/session/e3f98f98-745f-434a-ad6a-3d9c6a0c8d49/execute/sync[39m
[35m[HTTP][39m [90m{"script":"mobile:viewportRect","args":[]}[39m
[35m[AndroidDriver][39m Executing native command 'mobile:viewportRect'
[35m[HTTP][39m [37m<-- POST /wd/hub/session/e3f98f98-745f-434a-ad6a-3d9c6a0c8d49/execute/sync [39m[32m200[39m [90m21 ms - 56[39m
[35m[HTTP][39m [90m[39m
[35m[HTTP][39m [37m-->[39m [37mPOST[39m [37m/wd/hub/session/e3f98f98-745f-434a-ad6a-3d9c6a0c8d49/appium/device/activate_app[39m
[35m[HTTP][39m [90m{"bundleId":"id.indocyber.kaf.mma"}[39m
[35m[HTTP][39m [37m<-- POST /wd/hub/session/e3f98f98-745f-434a-ad6a-3d9c6a0c8d49/appium/device/activate_app [39m[32m200[39m [90m515 ms - 14[39m
[35m[HTTP][39m [90m[39m
[35m[HTTP][39m [37m-->[39m [37mGET[39m [37m/wd/hub/session/e3f98f98-745f-434a-ad6a-3d9c6a0c8d49/source[39m
[35m[HTTP][39m [90m{}[39m
[35m[W3C (e3f98f98)][39m Driver proxy active, passing request on via HTTP proxy
[35m[WD Proxy][39m Replacing sessionId c50b8eeb-2ca4-4186-801a-1d2992ca451a with e3f98f98-745f-434a-ad6a-3d9c6a0c8d49
[35m[HTTP][39m [37m<-- GET /wd/hub/session/e3f98f98-745f-434a-ad6a-3d9c6a0c8d49/source [39m[32m200[39m [90m609 ms - 23669[39m
[35m[HTTP][39m [90m[39m
[35m[HTTP][39m [37m-->[39m [37mGET[39m [37m/wd/hub/session/e3f98f98-745f-434a-ad6a-3d9c6a0c8d49/screenshot[39m
[35m[HTTP][39m [90m{}[39m
[35m[HTTP][39m [37m<-- GET /wd/hub/session/e3f98f98-745f-434a-ad6a-3d9c6a0c8d49/screenshot [39m[32m200[39m [90m831 ms - 304890[39m
[35m[HTTP][39m [90m[39m
[35m[HTTP][39m [37m-->[39m [37mPOST[39m [37m/wd/hub/session/e3f98f98-745f-434a-ad6a-3d9c6a0c8d49/elements[39m
[35m[HTTP][39m [90m{"using":"xpath","value":"//*[@class = 'android.widget.ImageView' and @resource-id = '' and (@text = '' or . = '')]"}[39m
[35m[HTTP][39m [37m<-- POST /wd/hub/session/e3f98f98-745f-434a-ad6a-3d9c6a0c8d49/elements [39m[32m200[39m [90m1984 ms - 1931[39m
[35m[HTTP][39m [90m[39m
[35m[HTTP][39m [37m-->[39m [37mPOST[39m [37m/wd/hub/session/e3f98f98-745f-434a-ad6a-3d9c6a0c8d49/elements[39m
[35m[HTTP][39m [90m{"using":"accessibility id","value":"Customer\n Update"}[39m
[35m[HTTP][39m [37m<-- POST /wd/hub/session/e3f98f98-745f-434a-ad6a-3d9c6a0c8d49/elements [39m[32m200[39m [90m40 ms - 139[39m
[35m[HTTP][39m [90m[39m
[35m[HTTP][39m [37m-->[39m [37mGET[39m [37m/wd/hub/session/e3f98f98-745f-434a-ad6a-3d9c6a0c8d49/window/rect[39m
[35m[HTTP][39m [90m{}[39m
[35m[HTTP][39m [37m<-- GET /wd/hub/session/e3f98f98-745f-434a-ad6a-3d9c6a0c8d49/window/rect [39m[32m200[39m [90m21 ms - 50[39m
[35m[HTTP][39m [90m[39m
[35m[HTTP][39m [37m-->[39m [37mPOST[39m [37m/wd/hub/session/e3f98f98-745f-434a-ad6a-3d9c6a0c8d49/elements[39m
[35m[HTTP][39m [90m{"using":"accessibility id","value":"Customer\n Update"}[39m
[35m[HTTP][39m [37m<-- POST /wd/hub/session/e3f98f98-745f-434a-ad6a-3d9c6a0c8d49/elements [39m[32m200[39m [90m54 ms - 139[39m
[35m[HTTP][39m [90m[39m
[35m[HTTP][39m [37m-->[39m [37mGET[39m [37m/wd/hub/session/e3f98f98-745f-434a-ad6a-3d9c6a0c8d49/element/00000000-0000-000b-0000-00da00000003/location[39m
[35m[HTTP][39m [90m{}[39m
[35m[W3C (e3f98f98)][39m Driver proxy active, passing request on via HTTP proxy
[35m[WD Proxy][39m Replacing sessionId c50b8eeb-2ca4-4186-801a-1d2992ca451a with e3f98f98-745f-434a-ad6a-3d9c6a0c8d49
[35m[HTTP][39m [37m<-- GET /wd/hub/session/e3f98f98-745f-434a-ad6a-3d9c6a0c8d49/element/00000000-0000-000b-0000-00da00000003/location [39m[32m200[39m [90m45 ms - 79[39m
[35m[HTTP][39m [90m[39m
[35m[HTTP][39m [37m-->[39m [37mPOST[39m [37m/wd/hub/session/e3f98f98-745f-434a-ad6a-3d9c6a0c8d49/element/00000000-0000-000b-0000-00da00000003/click[39m
[35m[HTTP][39m [90m{"id":"00000000-0000-000b-0000-00da00000003"}[39m
[35m[HTTP][39m [37m<-- POST /wd/hub/session/e3f98f98-745f-434a-ad6a-3d9c6a0c8d49/element/00000000-0000-000b-0000-00da00000003/click [39m[32m200[39m [90m94 ms - 14[39m
[35m[HTTP][39m [90m[39m
[35m[HTTP][39m [37m-->[39m [37mGET[39m [37m/wd/hub/session/e3f98f98-745f-434a-ad6a-3d9c6a0c8d49/source[39m
[35m[HTTP][39m [90m{}[39m
[35m[W3C (e3f98f98)][39m Driver proxy active, passing request on via HTTP proxy
[35m[WD Proxy][39m Replacing sessionId c50b8eeb-2ca4-4186-801a-1d2992ca451a with e3f98f98-745f-434a-ad6a-3d9c6a0c8d49
[35m[HTTP][39m [37m<-- GET /wd/hub/session/e3f98f98-745f-434a-ad6a-3d9c6a0c8d49/source [39m[32m200[39m [90m610 ms - 9077[39m
[35m[HTTP][39m [90m[39m
[35m[HTTP][39m [37m-->[39m [37mGET[39m [37m/wd/hub/session/e3f98f98-745f-434a-ad6a-3d9c6a0c8d49/screenshot[39m
[35m[HTTP][39m [90m{}[39m
[35m[HTTP][39m [37m<-- GET /wd/hub/session/e3f98f98-745f-434a-ad6a-3d9c6a0c8d49/screenshot [39m[32m200[39m [90m1071 ms - 362778[39m
[35m[HTTP][39m [90m[39m
[35m[HTTP][39m [37m-->[39m [37mPOST[39m [37m/wd/hub/session/e3f98f98-745f-434a-ad6a-3d9c6a0c8d49/elements[39m
[35m[HTTP][39m [90m{"using":"xpath","value":"//*[@class = 'android.widget.ImageView' and @resource-id = '' and (@text = '' or . = '')]"}[39m
[35m[HTTP][39m [37m<-- POST /wd/hub/session/e3f98f98-745f-434a-ad6a-3d9c6a0c8d49/elements [39m[32m200[39m [90m77 ms - 1163[39m
[35m[HTTP][39m [90m[39m
[35m[HTTP][39m [37m-->[39m [37mPOST[39m [37m/wd/hub/session/e3f98f98-745f-434a-ad6a-3d9c6a0c8d49/elements[39m
[35m[HTTP][39m [90m{"using":"-android uiautomator","value":"new UiSelector().className(\"android.widget.ImageView\").resourceId(\"\")"}[39m
[35m[HTTP][39m [37m<-- POST /wd/hub/session/e3f98f98-745f-434a-ad6a-3d9c6a0c8d49/elements [39m[32m200[39m [90m76 ms - 1163[39m
[35m[HTTP][39m [90m[39m
[35m[HTTP][39m [37m-->[39m [37mGET[39m [37m/wd/hub/session/e3f98f98-745f-434a-ad6a-3d9c6a0c8d49/window/rect[39m
[35m[HTTP][39m [90m{}[39m
[35m[HTTP][39m [37m<-- GET /wd/hub/session/e3f98f98-745f-434a-ad6a-3d9c6a0c8d49/window/rect [39m[32m200[39m [90m13 ms - 50[39m
[35m[HTTP][39m [90m[39m
[35m[HTTP][39m [37m-->[39m [37mPOST[39m [37m/wd/hub/session/e3f98f98-745f-434a-ad6a-3d9c6a0c8d49/elements[39m
[35m[HTTP][39m [90m{"using":"xpath","value":"//hierarchy/android.widget.FrameLayout[1]/android.widget.LinearLayout[1]/android.widget.FrameLayout[1]/android.widget.FrameLayout[1]/android.view.View[1]/android.view.View[1]/android.view.View[1]/android.view.View[1]/android.view.View[2]/android.view.View[1]/android.view.View[1]/android.widget.ImageView[1]"}[39m
[35m[HTTP][39m [37m<-- POST /wd/hub/session/e3f98f98-745f-434a-ad6a-3d9c6a0c8d49/elements [39m[32m200[39m [90m62 ms - 139[39m
[35m[HTTP][39m [90m[39m
[35m[HTTP][39m [37m-->[39m [37mGET[39m [37m/wd/hub/session/e3f98f98-745f-434a-ad6a-3d9c6a0c8d49/element/00000000-0000-000b-0000-010700000003/location[39m
[35m[HTTP][39m [90m{}[39m
[35m[W3C (e3f98f98)][39m Driver proxy active, passing request on via HTTP proxy
[35m[WD Proxy][39m Replacing sessionId c50b8eeb-2ca4-4186-801a-1d2992ca451a with e3f98f98-745f-434a-ad6a-3d9c6a0c8d49
[35m[HTTP][39m [37m<-- GET /wd/hub/session/e3f98f98-745f-434a-ad6a-3d9c6a0c8d49/element/00000000-0000-000b-0000-010700000003/location [39m[32m200[39m [90m18 ms - 80[39m
[35m[HTTP][39m [90m[39m
[35m[HTTP][39m [37m-->[39m [37mPOST[39m [37m/wd/hub/session/e3f98f98-745f-434a-ad6a-3d9c6a0c8d49/element/00000000-0000-000b-0000-010700000003/click[39m
[35m[HTTP][39m [90m{"id":"00000000-0000-000b-0000-010700000003"}[39m
[35m[HTTP][39m [37m<-- POST /wd/hub/session/e3f98f98-745f-434a-ad6a-3d9c6a0c8d49/element/00000000-0000-000b-0000-010700000003/click [39m[32m200[39m [90m54 ms - 14[39m
[35m[HTTP][39m [90m[39m
[35m[HTTP][39m [37m-->[39m [37mGET[39m [37m/wd/hub/session/e3f98f98-745f-434a-ad6a-3d9c6a0c8d49/source[39m
[35m[HTTP][39m [90m{}[39m
[35m[W3C (e3f98f98)][39m Driver proxy active, passing request on via HTTP proxy
[35m[WD Proxy][39m Replacing sessionId c50b8eeb-2ca4-4186-801a-1d2992ca451a with e3f98f98-745f-434a-ad6a-3d9c6a0c8d49
[35m[HTTP][39m [37m<-- GET /wd/hub/session/e3f98f98-745f-434a-ad6a-3d9c6a0c8d49/source [39m[32m200[39m [90m213 ms - 5252[39m
[35m[HTTP][39m [90m[39m
[35m[HTTP][39m [37m-->[39m [37mGET[39m [37m/wd/hub/session/e3f98f98-745f-434a-ad6a-3d9c6a0c8d49/screenshot[39m
[35m[HTTP][39m [90m{}[39m
[35m[HTTP][39m [37m<-- GET /wd/hub/session/e3f98f98-745f-434a-ad6a-3d9c6a0c8d49/screenshot [39m[32m200[39m [90m675 ms - 278624[39m
[35m[HTTP][39m [90m[39m
[35m[HTTP][39m [37m-->[39m [37mPOST[39m [37m/wd/hub/session/e3f98f98-745f-434a-ad6a-3d9c6a0c8d49/elements[39m
[35m[HTTP][39m [90m{"using":"xpath","value":"//*[@class = 'android.view.View' and @resource-id = '' and (@text = '' or . = '')]"}[39m
[35m[HTTP][39m [37m<-- POST /wd/hub/session/e3f98f98-745f-434a-ad6a-3d9c6a0c8d49/elements [39m[32m200[39m [90m58 ms - 1035[39m
[35m[HTTP][39m [90m[39m
[35m[HTTP][39m [37m-->[39m [37mPOST[39m [37m/wd/hub/session/e3f98f98-745f-434a-ad6a-3d9c6a0c8d49/elements[39m
[35m[HTTP][39m [90m{"using":"accessibility id","value":"Prospect Customer"}[39m
[35m[HTTP][39m [37m<-- POST /wd/hub/session/e3f98f98-745f-434a-ad6a-3d9c6a0c8d49/elements [39m[32m200[39m [90m25 ms - 139[39m
[35m[HTTP][39m [90m[39m
[35m[HTTP][39m [37m-->[39m [37mGET[39m [37m/wd/hub/session/e3f98f98-745f-434a-ad6a-3d9c6a0c8d49/window/rect[39m
[35m[HTTP][39m [90m{}[39m
[35m[HTTP][39m [37m<-- GET /wd/hub/session/e3f98f98-745f-434a-ad6a-3d9c6a0c8d49/window/rect [39m[32m200[39m [90m13 ms - 50[39m
[35m[HTTP][39m [90m[39m
[35m[HTTP][39m [37m-->[39m [37mPOST[39m [37m/wd/hub/session/e3f98f98-745f-434a-ad6a-3d9c6a0c8d49/elements[39m
[35m[HTTP][39m [90m{"using":"accessibility id","value":"Prospect Customer"}[39m
[35m[HTTP][39m [37m<-- POST /wd/hub/session/e3f98f98-745f-434a-ad6a-3d9c6a0c8d49/elements [39m[32m200[39m [90m27 ms - 139[39m
[35m[HTTP][39m [90m[39m
[35m[HTTP][39m [37m-->[39m [37mGET[39m [37m/wd/hub/session/e3f98f98-745f-434a-ad6a-3d9c6a0c8d49/element/00000000-0000-000b-0000-011f00000003/location[39m
[35m[HTTP][39m [90m{}[39m
[35m[W3C (e3f98f98)][39m Driver proxy active, passing request on via HTTP proxy
[35m[WD Proxy][39m Replacing sessionId c50b8eeb-2ca4-4186-801a-1d2992ca451a with e3f98f98-745f-434a-ad6a-3d9c6a0c8d49
[35m[HTTP][39m [37m<-- GET /wd/hub/session/e3f98f98-745f-434a-ad6a-3d9c6a0c8d49/element/00000000-0000-000b-0000-011f00000003/location [39m[32m200[39m [90m20 ms - 79[39m
[35m[HTTP][39m [90m[39m
[35m[HTTP][39m [37m-->[39m [37mPOST[39m [37m/wd/hub/session/e3f98f98-745f-434a-ad6a-3d9c6a0c8d49/element/00000000-0000-000b-0000-011f00000003/click[39m
[35m[HTTP][39m [90m{"id":"00000000-0000-000b-0000-011f00000003"}[39m
[35m[HTTP][39m [37m<-- POST /wd/hub/session/e3f98f98-745f-434a-ad6a-3d9c6a0c8d49/element/00000000-0000-000b-0000-011f00000003/click [39m[32m200[39m [90m1008 ms - 14[39m
[35m[HTTP][39m [90m[39m
[35m[HTTP][39m [37m-->[39m [37mGET[39m [37m/wd/hub/session/e3f98f98-745f-434a-ad6a-3d9c6a0c8d49/source[39m
[35m[HTTP][39m [90m{}[39m
[35m[W3C (e3f98f98)][39m Driver proxy active, passing request on via HTTP proxy
[35m[WD Proxy][39m Replacing sessionId c50b8eeb-2ca4-4186-801a-1d2992ca451a with e3f98f98-745f-434a-ad6a-3d9c6a0c8d49
[35m[HTTP][39m [37m<-- GET /wd/hub/session/e3f98f98-745f-434a-ad6a-3d9c6a0c8d49/source [39m[32m200[39m [90m35 ms - 6215[39m
[35m[HTTP][39m [90m[39m
[35m[HTTP][39m [37m-->[39m [37mGET[39m [37m/wd/hub/session/e3f98f98-745f-434a-ad6a-3d9c6a0c8d49/screenshot[39m
[35m[HTTP][39m [90m{}[39m
[35m[HTTP][39m [37m<-- GET /wd/hub/session/e3f98f98-745f-434a-ad6a-3d9c6a0c8d49/screenshot [39m[32m200[39m [90m746 ms - 308010[39m
[35m[HTTP][39m [90m[39m
[35m[HTTP][39m [37m-->[39m [37mPOST[39m [37m/wd/hub/session/e3f98f98-745f-434a-ad6a-3d9c6a0c8d49/elements[39m
[35m[HTTP][39m [90m{"using":"xpath","value":"//*[@class = 'android.widget.EditText' and @resource-id = '' and (@text = '' or . = '')]"}[39m
[35m[HTTP][39m [37m<-- POST /wd/hub/session/e3f98f98-745f-434a-ad6a-3d9c6a0c8d49/elements [39m[32m200[39m [90m57 ms - 267[39m
[35m[HTTP][39m [90m[39m
[35m[HTTP][39m [37m-->[39m [37mPOST[39m [37m/wd/hub/session/e3f98f98-745f-434a-ad6a-3d9c6a0c8d49/elements[39m
[35m[HTTP][39m [90m{"using":"-android uiautomator","value":"new UiSelector().className(\"android.widget.EditText\").resourceId(\"\")"}[39m
[35m[HTTP][39m [37m<-- POST /wd/hub/session/e3f98f98-745f-434a-ad6a-3d9c6a0c8d49/elements [39m[32m200[39m [90m36 ms - 267[39m
[35m[HTTP][39m [90m[39m
[35m[HTTP][39m [37m-->[39m [37mGET[39m [37m/wd/hub/session/e3f98f98-745f-434a-ad6a-3d9c6a0c8d49/window/rect[39m
[35m[HTTP][39m [90m{}[39m
[35m[HTTP][39m [37m<-- GET /wd/hub/session/e3f98f98-745f-434a-ad6a-3d9c6a0c8d49/window/rect [39m[32m200[39m [90m11 ms - 50[39m
[35m[HTTP][39m [90m[39m
[35m[HTTP][39m [37m-->[39m [37mPOST[39m [37m/wd/hub/session/e3f98f98-745f-434a-ad6a-3d9c6a0c8d49/elements[39m
[35m[HTTP][39m [90m{"using":"xpath","value":"//hierarchy/android.widget.FrameLayout[1]/android.widget.LinearLayout[1]/android.widget.FrameLayout[1]/android.widget.FrameLayout[1]/android.view.View[1]/android.view.View[1]/android.view.View[1]/android.view.View[1]/android.view.View[1]/android.widget.EditText[1]"}[39m
[35m[HTTP][39m [37m<-- POST /wd/hub/session/e3f98f98-745f-434a-ad6a-3d9c6a0c8d49/elements [39m[32m200[39m [90m53 ms - 139[39m
[35m[HTTP][39m [90m[39m
[35m[HTTP][39m [37m-->[39m [37mGET[39m [37m/wd/hub/session/e3f98f98-745f-434a-ad6a-3d9c6a0c8d49/element/00000000-0000-000b-0000-012300000003/location[39m
[35m[HTTP][39m [90m{}[39m
[35m[W3C (e3f98f98)][39m Driver proxy active, passing request on via HTTP proxy
[35m[WD Proxy][39m Replacing sessionId c50b8eeb-2ca4-4186-801a-1d2992ca451a with e3f98f98-745f-434a-ad6a-3d9c6a0c8d49
[35m[HTTP][39m [37m<-- GET /wd/hub/session/e3f98f98-745f-434a-ad6a-3d9c6a0c8d49/element/00000000-0000-000b-0000-012300000003/location [39m[32m200[39m [90m15 ms - 79[39m
[35m[HTTP][39m [90m[39m
[35m[HTTP][39m [37m-->[39m [37mPOST[39m [37m/wd/hub/session/e3f98f98-745f-434a-ad6a-3d9c6a0c8d49/element/00000000-0000-000b-0000-012300000003/click[39m
[35m[HTTP][39m [90m{"id":"00000000-0000-000b-0000-012300000003"}[39m
[35m[HTTP][39m [37m<-- POST /wd/hub/session/e3f98f98-745f-434a-ad6a-3d9c6a0c8d49/element/00000000-0000-000b-0000-012300000003/click [39m[32m200[39m [90m42 ms - 14[39m
[35m[HTTP][39m [90m[39m
[35m[HTTP][39m [37m-->[39m [37mGET[39m [37m/wd/hub/session/e3f98f98-745f-434a-ad6a-3d9c6a0c8d49/source[39m
[35m[HTTP][39m [90m{}[39m
[35m[W3C (e3f98f98)][39m Driver proxy active, passing request on via HTTP proxy
[35m[WD Proxy][39m Replacing sessionId c50b8eeb-2ca4-4186-801a-1d2992ca451a with e3f98f98-745f-434a-ad6a-3d9c6a0c8d49
[35m[HTTP][39m [37m<-- GET /wd/hub/session/e3f98f98-745f-434a-ad6a-3d9c6a0c8d49/source [39m[32m200[39m [90m959 ms - 6209[39m
[35m[HTTP][39m [90m[39m
[35m[HTTP][39m [37m-->[39m [37mGET[39m [37m/wd/hub/session/e3f98f98-745f-434a-ad6a-3d9c6a0c8d49/screenshot[39m
[35m[HTTP][39m [90m{}[39m
[35m[HTTP][39m [37m<-- GET /wd/hub/session/e3f98f98-745f-434a-ad6a-3d9c6a0c8d49/screenshot [39m[32m200[39m [90m602 ms - 295986[39m
[35m[HTTP][39m [90m[39m
[35m[HTTP][39m [37m-->[39m [37mGET[39m [37m/wd/hub/session/e3f98f98-745f-434a-ad6a-3d9c6a0c8d49/window/rect[39m
[35m[HTTP][39m [90m{}[39m
[35m[HTTP][39m [37m<-- GET /wd/hub/session/e3f98f98-745f-434a-ad6a-3d9c6a0c8d49/window/rect [39m[32m200[39m [90m12 ms - 50[39m
[35m[HTTP][39m [90m[39m
[35m[HTTP][39m [37m-->[39m [37mPOST[39m [37m/wd/hub/session/e3f98f98-745f-434a-ad6a-3d9c6a0c8d49/elements[39m
[35m[HTTP][39m [90m{"using":"xpath","value":"//hierarchy/android.widget.FrameLayout[1]/android.widget.LinearLayout[1]/android.widget.FrameLayout[1]/android.widget.FrameLayout[1]/android.view.View[1]/android.view.View[1]/android.view.View[1]/android.view.View[1]/android.view.View[1]/android.widget.EditText[1]"}[39m
[35m[HTTP][39m [37m<-- POST /wd/hub/session/e3f98f98-745f-434a-ad6a-3d9c6a0c8d49/elements [39m[32m200[39m [90m65 ms - 139[39m
[35m[HTTP][39m [90m[39m
[35m[HTTP][39m [37m-->[39m [37mGET[39m [37m/wd/hub/session/e3f98f98-745f-434a-ad6a-3d9c6a0c8d49/element/00000000-0000-000b-0000-012300000003/location[39m
[35m[HTTP][39m [90m{}[39m
[35m[W3C (e3f98f98)][39m Driver proxy active, passing request on via HTTP proxy
[35m[WD Proxy][39m Replacing sessionId c50b8eeb-2ca4-4186-801a-1d2992ca451a with e3f98f98-745f-434a-ad6a-3d9c6a0c8d49
[35m[HTTP][39m [37m<-- GET /wd/hub/session/e3f98f98-745f-434a-ad6a-3d9c6a0c8d49/element/00000000-0000-000b-0000-012300000003/location [39m[32m200[39m [90m21 ms - 78[39m
[35m[HTTP][39m [90m[39m
[35m[HTTP][39m [37m-->[39m [37mPOST[39m [37m/wd/hub/session/e3f98f98-745f-434a-ad6a-3d9c6a0c8d49/element/00000000-0000-000b-0000-012300000003/clear[39m
[35m[HTTP][39m [90m{"id":"00000000-0000-000b-0000-012300000003"}[39m
[35m[HTTP][39m [37m<-- POST /wd/hub/session/e3f98f98-745f-434a-ad6a-3d9c6a0c8d49/element/00000000-0000-000b-0000-012300000003/clear [39m[32m200[39m [90m16 ms - 14[39m
[35m[HTTP][39m [90m[39m
[35m[HTTP][39m [37m-->[39m [37mPOST[39m [37m/wd/hub/session/e3f98f98-745f-434a-ad6a-3d9c6a0c8d49/element/00000000-0000-000b-0000-012300000003/click[39m
[35m[HTTP][39m [90m{"id":"00000000-0000-000b-0000-012300000003"}[39m
[35m[HTTP][39m [37m<-- POST /wd/hub/session/e3f98f98-745f-434a-ad6a-3d9c6a0c8d49/element/00000000-0000-000b-0000-012300000003/click [39m[32m200[39m [90m53 ms - 14[39m
[35m[HTTP][39m [90m[39m
[35m[HTTP][39m [37m-->[39m [37mPOST[39m [37m/wd/hub/session/e3f98f98-745f-434a-ad6a-3d9c6a0c8d49/element/00000000-0000-000b-0000-012300000003/value[39m
[35m[HTTP][39m [90m{"id":"00000000-0000-000b-0000-012300000003","text":"John Doe","value":["J","o","h","n"," ","D","o","e"]}[39m
[35m[HTTP][39m [37m<-- POST /wd/hub/session/e3f98f98-745f-434a-ad6a-3d9c6a0c8d49/element/00000000-0000-000b-0000-012300000003/value [39m[32m200[39m [90m34 ms - 14[39m
[35m[HTTP][39m [90m[39m
[35m[HTTP][39m [37m-->[39m [37mGET[39m [37m/wd/hub/session/e3f98f98-745f-434a-ad6a-3d9c6a0c8d49/source[39m
[35m[HTTP][39m [90m{}[39m
[35m[W3C (e3f98f98)][39m Driver proxy active, passing request on via HTTP proxy
[35m[WD Proxy][39m Replacing sessionId c50b8eeb-2ca4-4186-801a-1d2992ca451a with e3f98f98-745f-434a-ad6a-3d9c6a0c8d49
[35m[HTTP][39m [37m<-- GET /wd/hub/session/e3f98f98-745f-434a-ad6a-3d9c6a0c8d49/source [39m[32m200[39m [90m214 ms - 6217[39m
[35m[HTTP][39m [90m[39m
[35m[HTTP][39m [37m-->[39m [37mGET[39m [37m/wd/hub/session/e3f98f98-745f-434a-ad6a-3d9c6a0c8d49/screenshot[39m
[35m[HTTP][39m [90m{}[39m
[35m[HTTP][39m [37m<-- GET /wd/hub/session/e3f98f98-745f-434a-ad6a-3d9c6a0c8d49/screenshot [39m[32m200[39m [90m636 ms - 313096[39m
[35m[HTTP][39m [90m[39m
[35m[HTTP][39m [37m-->[39m [37mPOST[39m [37m/wd/hub/session/e3f98f98-745f-434a-ad6a-3d9c6a0c8d49/elements[39m
[35m[HTTP][39m [90m{"using":"xpath","value":"//*[@class = 'android.widget.EditText' and @resource-id = '' and (@text = '' or . = '')]"}[39m
[35m[HTTP][39m [37m<-- POST /wd/hub/session/e3f98f98-745f-434a-ad6a-3d9c6a0c8d49/elements [39m[32m200[39m [90m71 ms - 267[39m
[35m[HTTP][39m [90m[39m
[35m[HTTP][39m [37m-->[39m [37mPOST[39m [37m/wd/hub/session/e3f98f98-745f-434a-ad6a-3d9c6a0c8d49/elements[39m
[35m[HTTP][39m [90m{"using":"-android uiautomator","value":"new UiSelector().className(\"android.widget.EditText\").resourceId(\"\")"}[39m
[35m[HTTP][39m [37m<-- POST /wd/hub/session/e3f98f98-745f-434a-ad6a-3d9c6a0c8d49/elements [39m[32m200[39m [90m29 ms - 267[39m
[35m[HTTP][39m [90m[39m
[35m[HTTP][39m [37m-->[39m [37mGET[39m [37m/wd/hub/session/e3f98f98-745f-434a-ad6a-3d9c6a0c8d49/window/rect[39m
[35m[HTTP][39m [90m{}[39m
[35m[HTTP][39m [37m<-- GET /wd/hub/session/e3f98f98-745f-434a-ad6a-3d9c6a0c8d49/window/rect [39m[32m200[39m [90m19 ms - 50[39m
[35m[HTTP][39m [90m[39m
[35m[HTTP][39m [37m-->[39m [37mPOST[39m [37m/wd/hub/session/e3f98f98-745f-434a-ad6a-3d9c6a0c8d49/elements[39m
[35m[HTTP][39m [90m{"using":"xpath","value":"//hierarchy/android.widget.FrameLayout[1]/android.widget.LinearLayout[1]/android.widget.FrameLayout[1]/android.widget.FrameLayout[1]/android.view.View[1]/android.view.View[1]/android.view.View[1]/android.view.View[1]/android.view.View[1]/android.widget.EditText[2]"}[39m
[35m[HTTP][39m [37m<-- POST /wd/hub/session/e3f98f98-745f-434a-ad6a-3d9c6a0c8d49/elements [39m[32m200[39m [90m54 ms - 139[39m
[35m[HTTP][39m [90m[39m
[35m[HTTP][39m [37m-->[39m [37mGET[39m [37m/wd/hub/session/e3f98f98-745f-434a-ad6a-3d9c6a0c8d49/element/00000000-0000-000b-0000-012400000003/location[39m
[35m[HTTP][39m [90m{}[39m
[35m[W3C (e3f98f98)][39m Driver proxy active, passing request on via HTTP proxy
[35m[WD Proxy][39m Replacing sessionId c50b8eeb-2ca4-4186-801a-1d2992ca451a with e3f98f98-745f-434a-ad6a-3d9c6a0c8d49
[35m[HTTP][39m [37m<-- GET /wd/hub/session/e3f98f98-745f-434a-ad6a-3d9c6a0c8d49/element/00000000-0000-000b-0000-012400000003/location [39m[32m200[39m [90m16 ms - 78[39m
[35m[HTTP][39m [90m[39m
[35m[HTTP][39m [37m-->[39m [37mPOST[39m [37m/wd/hub/session/e3f98f98-745f-434a-ad6a-3d9c6a0c8d49/element/00000000-0000-000b-0000-012400000003/click[39m
[35m[HTTP][39m [90m{"id":"00000000-0000-000b-0000-012400000003"}[39m
[35m[HTTP][39m [37m<-- POST /wd/hub/session/e3f98f98-745f-434a-ad6a-3d9c6a0c8d49/element/00000000-0000-000b-0000-012400000003/click [39m[32m200[39m [90m55 ms - 14[39m
[35m[HTTP][39m [90m[39m
[35m[HTTP][39m [37m-->[39m [37mGET[39m [37m/wd/hub/session/e3f98f98-745f-434a-ad6a-3d9c6a0c8d49/source[39m
[35m[HTTP][39m [90m{}[39m
[35m[W3C (e3f98f98)][39m Driver proxy active, passing request on via HTTP proxy
[35m[WD Proxy][39m Replacing sessionId c50b8eeb-2ca4-4186-801a-1d2992ca451a with e3f98f98-745f-434a-ad6a-3d9c6a0c8d49
[35m[HTTP][39m [37m<-- GET /wd/hub/session/e3f98f98-745f-434a-ad6a-3d9c6a0c8d49/source [39m[32m200[39m [90m265 ms - 6217[39m
[35m[HTTP][39m [90m[39m
[35m[HTTP][39m [37m-->[39m [37mGET[39m [37m/wd/hub/session/e3f98f98-745f-434a-ad6a-3d9c6a0c8d49/screenshot[39m
[35m[HTTP][39m [90m{}[39m
[35m[HTTP][39m [37m<-- GET /wd/hub/session/e3f98f98-745f-434a-ad6a-3d9c6a0c8d49/screenshot [39m[32m200[39m [90m596 ms - 302562[39m
[35m[HTTP][39m [90m[39m
[35m[HTTP][39m [37m-->[39m [37mGET[39m [37m/wd/hub/session/e3f98f98-745f-434a-ad6a-3d9c6a0c8d49/window/rect[39m
[35m[HTTP][39m [90m{}[39m
[35m[HTTP][39m [37m<-- GET /wd/hub/session/e3f98f98-745f-434a-ad6a-3d9c6a0c8d49/window/rect [39m[32m200[39m [90m17 ms - 50[39m
[35m[HTTP][39m [90m[39m
[35m[HTTP][39m [37m-->[39m [37mPOST[39m [37m/wd/hub/session/e3f98f98-745f-434a-ad6a-3d9c6a0c8d49/elements[39m
[35m[HTTP][39m [90m{"using":"xpath","value":"//hierarchy/android.widget.FrameLayout[1]/android.widget.LinearLayout[1]/android.widget.FrameLayout[1]/android.widget.FrameLayout[1]/android.view.View[1]/android.view.View[1]/android.view.View[1]/android.view.View[1]/android.view.View[1]/android.widget.EditText[2]"}[39m
[35m[HTTP][39m [37m<-- POST /wd/hub/session/e3f98f98-745f-434a-ad6a-3d9c6a0c8d49/elements [39m[32m200[39m [90m60 ms - 139[39m
[35m[HTTP][39m [90m[39m
[35m[HTTP][39m [37m-->[39m [37mGET[39m [37m/wd/hub/session/e3f98f98-745f-434a-ad6a-3d9c6a0c8d49/element/00000000-0000-000b-0000-012400000003/location[39m
[35m[HTTP][39m [90m{}[39m
[35m[W3C (e3f98f98)][39m Driver proxy active, passing request on via HTTP proxy
[35m[WD Proxy][39m Replacing sessionId c50b8eeb-2ca4-4186-801a-1d2992ca451a with e3f98f98-745f-434a-ad6a-3d9c6a0c8d49
[35m[HTTP][39m [37m<-- GET /wd/hub/session/e3f98f98-745f-434a-ad6a-3d9c6a0c8d49/element/00000000-0000-000b-0000-012400000003/location [39m[32m200[39m [90m15 ms - 78[39m
[35m[HTTP][39m [90m[39m
[35m[HTTP][39m [37m-->[39m [37mPOST[39m [37m/wd/hub/session/e3f98f98-745f-434a-ad6a-3d9c6a0c8d49/element/00000000-0000-000b-0000-012400000003/clear[39m
[35m[HTTP][39m [90m{"id":"00000000-0000-000b-0000-012400000003"}[39m
[35m[HTTP][39m [37m<-- POST /wd/hub/session/e3f98f98-745f-434a-ad6a-3d9c6a0c8d49/element/00000000-0000-000b-0000-012400000003/clear [39m[32m200[39m [90m16 ms - 14[39m
[35m[HTTP][39m [90m[39m
[35m[HTTP][39m [37m-->[39m [37mPOST[39m [37m/wd/hub/session/e3f98f98-745f-434a-ad6a-3d9c6a0c8d49/element/00000000-0000-000b-0000-012400000003/click[39m
[35m[HTTP][39m [90m{"id":"00000000-0000-000b-0000-012400000003"}[39m
[35m[HTTP][39m [37m<-- POST /wd/hub/session/e3f98f98-745f-434a-ad6a-3d9c6a0c8d49/element/00000000-0000-000b-0000-012400000003/click [39m[32m200[39m [90m46 ms - 14[39m
[35m[HTTP][39m [90m[39m
[35m[HTTP][39m [37m-->[39m [37mPOST[39m [37m/wd/hub/session/e3f98f98-745f-434a-ad6a-3d9c6a0c8d49/element/00000000-0000-000b-0000-012400000003/value[39m
[35m[HTTP][39m [90m{"id":"00000000-0000-000b-0000-012400000003","text":"JDE","value":["J","D","E"]}[39m
[35m[HTTP][39m [37m<-- POST /wd/hub/session/e3f98f98-745f-434a-ad6a-3d9c6a0c8d49/element/00000000-0000-000b-0000-012400000003/value [39m[32m200[39m [90m26 ms - 14[39m
[35m[HTTP][39m [90m[39m
[35m[HTTP][39m [37m-->[39m [37mGET[39m [37m/wd/hub/session/e3f98f98-745f-434a-ad6a-3d9c6a0c8d49/source[39m
[35m[HTTP][39m [90m{}[39m
[35m[W3C (e3f98f98)][39m Driver proxy active, passing request on via HTTP proxy
[35m[WD Proxy][39m Replacing sessionId c50b8eeb-2ca4-4186-801a-1d2992ca451a with e3f98f98-745f-434a-ad6a-3d9c6a0c8d49
[35m[HTTP][39m [37m<-- GET /wd/hub/session/e3f98f98-745f-434a-ad6a-3d9c6a0c8d49/source [39m[32m200[39m [90m226 ms - 6220[39m
[35m[HTTP][39m [90m[39m
[35m[HTTP][39m [37m-->[39m [37mGET[39m [37m/wd/hub/session/e3f98f98-745f-434a-ad6a-3d9c6a0c8d49/screenshot[39m
[35m[HTTP][39m [90m{}[39m
[35m[HTTP][39m [37m<-- GET /wd/hub/session/e3f98f98-745f-434a-ad6a-3d9c6a0c8d49/screenshot [39m[32m200[39m [90m761 ms - 312386[39m
[35m[HTTP][39m [90m[39m
[35m[HTTP][39m [37m-->[39m [37mPOST[39m [37m/wd/hub/session/e3f98f98-745f-434a-ad6a-3d9c6a0c8d49/elements[39m
[35m[HTTP][39m [90m{"using":"xpath","value":"//*[@class = 'android.widget.ImageView' and @resource-id = '' and (@text = '' or . = '')]"}[39m
[35m[HTTP][39m [37m<-- POST /wd/hub/session/e3f98f98-745f-434a-ad6a-3d9c6a0c8d49/elements [39m[32m200[39m [90m51 ms - 139[39m
[35m[HTTP][39m [90m[39m
[35m[HTTP][39m [37m-->[39m [37mGET[39m [37m/wd/hub/session/e3f98f98-745f-434a-ad6a-3d9c6a0c8d49/window/rect[39m
[35m[HTTP][39m [90m{}[39m
[35m[HTTP][39m [37m<-- GET /wd/hub/session/e3f98f98-745f-434a-ad6a-3d9c6a0c8d49/window/rect [39m[32m200[39m [90m10 ms - 50[39m
[35m[HTTP][39m [90m[39m
[35m[HTTP][39m [37m-->[39m [37mPOST[39m [37m/wd/hub/session/e3f98f98-745f-434a-ad6a-3d9c6a0c8d49/elements[39m
[35m[HTTP][39m [90m{"using":"xpath","value":"//*[@class = 'android.widget.ImageView' and @resource-id = '' and (@text = '' or . = '')]"}[39m
[35m[HTTP][39m [37m<-- POST /wd/hub/session/e3f98f98-745f-434a-ad6a-3d9c6a0c8d49/elements [39m[32m200[39m [90m43 ms - 139[39m
[35m[HTTP][39m [90m[39m
[35m[HTTP][39m [37m-->[39m [37mGET[39m [37m/wd/hub/session/e3f98f98-745f-434a-ad6a-3d9c6a0c8d49/element/00000000-0000-000b-0000-012700000003/location[39m
[35m[HTTP][39m [90m{}[39m
[35m[W3C (e3f98f98)][39m Driver proxy active, passing request on via HTTP proxy
[35m[WD Proxy][39m Replacing sessionId c50b8eeb-2ca4-4186-801a-1d2992ca451a with e3f98f98-745f-434a-ad6a-3d9c6a0c8d49
[35m[HTTP][39m [37m<-- GET /wd/hub/session/e3f98f98-745f-434a-ad6a-3d9c6a0c8d49/element/00000000-0000-000b-0000-012700000003/location [39m[32m200[39m [90m17 ms - 79[39m
[35m[HTTP][39m [90m[39m
[35m[HTTP][39m [37m-->[39m [37mPOST[39m [37m/wd/hub/session/e3f98f98-745f-434a-ad6a-3d9c6a0c8d49/element/00000000-0000-000b-0000-012700000003/click[39m
[35m[HTTP][39m [90m{"id":"00000000-0000-000b-0000-012700000003"}[39m
[35m[HTTP][39m [37m<-- POST /wd/hub/session/e3f98f98-745f-434a-ad6a-3d9c6a0c8d49/element/00000000-0000-000b-0000-012700000003/click [39m[32m200[39m [90m40 ms - 14[39m
[35m[HTTP][39m [90m[39m
[35m[HTTP][39m [37m-->[39m [37mGET[39m [37m/wd/hub/session/e3f98f98-745f-434a-ad6a-3d9c6a0c8d49/source[39m
[35m[HTTP][39m [90m{}[39m
[35m[W3C (e3f98f98)][39m Driver proxy active, passing request on via HTTP proxy
[35m[WD Proxy][39m Replacing sessionId c50b8eeb-2ca4-4186-801a-1d2992ca451a with e3f98f98-745f-434a-ad6a-3d9c6a0c8d49
[35m[HTTP][39m [37m<-- GET /wd/hub/session/e3f98f98-745f-434a-ad6a-3d9c6a0c8d49/source [39m[32m200[39m [90m566 ms - 5697[39m
[35m[HTTP][39m [90m[39m
[35m[HTTP][39m [37m-->[39m [37mGET[39m [37m/wd/hub/session/e3f98f98-745f-434a-ad6a-3d9c6a0c8d49/screenshot[39m
[35m[HTTP][39m [90m{}[39m
[35m[HTTP][39m [37m<-- GET /wd/hub/session/e3f98f98-745f-434a-ad6a-3d9c6a0c8d49/screenshot [39m[32m200[39m [90m583 ms - 313582[39m
[35m[HTTP][39m [90m[39m
[35m[HTTP][39m [37m-->[39m [37mPOST[39m [37m/wd/hub/session/e3f98f98-745f-434a-ad6a-3d9c6a0c8d49/elements[39m
[35m[HTTP][39m [90m{"using":"xpath","value":"//*[@class = 'android.view.View' and @resource-id = '' and (@text = '' or . = '')]"}[39m
[35m[HTTP][39m [37m<-- POST /wd/hub/session/e3f98f98-745f-434a-ad6a-3d9c6a0c8d49/elements [39m[32m200[39m [90m63 ms - 1163[39m
[35m[HTTP][39m [90m[39m
[35m[HTTP][39m [37m-->[39m [37mPOST[39m [37m/wd/hub/session/e3f98f98-745f-434a-ad6a-3d9c6a0c8d49/elements[39m
[35m[HTTP][39m [90m{"using":"accessibility id","value":"Commercial"}[39m
[35m[HTTP][39m [37m<-- POST /wd/hub/session/e3f98f98-745f-434a-ad6a-3d9c6a0c8d49/elements [39m[32m200[39m [90m43 ms - 139[39m
[35m[HTTP][39m [90m[39m
[35m[HTTP][39m [37m-->[39m [37mGET[39m [37m/wd/hub/session/e3f98f98-745f-434a-ad6a-3d9c6a0c8d49/window/rect[39m
[35m[HTTP][39m [90m{}[39m
[35m[HTTP][39m [37m<-- GET /wd/hub/session/e3f98f98-745f-434a-ad6a-3d9c6a0c8d49/window/rect [39m[32m200[39m [90m11 ms - 50[39m
[35m[HTTP][39m [90m[39m
[35m[HTTP][39m [37m-->[39m [37mPOST[39m [37m/wd/hub/session/e3f98f98-745f-434a-ad6a-3d9c6a0c8d49/elements[39m
[35m[HTTP][39m [90m{"using":"accessibility id","value":"Commercial"}[39m
[35m[HTTP][39m [37m<-- POST /wd/hub/session/e3f98f98-745f-434a-ad6a-3d9c6a0c8d49/elements [39m[32m200[39m [90m21 ms - 139[39m
[35m[HTTP][39m [90m[39m
[35m[HTTP][39m [37m-->[39m [37mGET[39m [37m/wd/hub/session/e3f98f98-745f-434a-ad6a-3d9c6a0c8d49/element/00000000-0000-000b-0000-012c00000003/location[39m
[35m[HTTP][39m [90m{}[39m
[35m[W3C (e3f98f98)][39m Driver proxy active, passing request on via HTTP proxy
[35m[WD Proxy][39m Replacing sessionId c50b8eeb-2ca4-4186-801a-1d2992ca451a with e3f98f98-745f-434a-ad6a-3d9c6a0c8d49
[35m[HTTP][39m [37m<-- GET /wd/hub/session/e3f98f98-745f-434a-ad6a-3d9c6a0c8d49/element/00000000-0000-000b-0000-012c00000003/location [39m[32m200[39m [90m15 ms - 79[39m
[35m[HTTP][39m [90m[39m
[35m[HTTP][39m [37m-->[39m [37mPOST[39m [37m/wd/hub/session/e3f98f98-745f-434a-ad6a-3d9c6a0c8d49/element/00000000-0000-000b-0000-012c00000003/click[39m
[35m[HTTP][39m [90m{"id":"00000000-0000-000b-0000-012c00000003"}[39m
[35m[HTTP][39m [37m<-- POST /wd/hub/session/e3f98f98-745f-434a-ad6a-3d9c6a0c8d49/element/00000000-0000-000b-0000-012c00000003/click [39m[32m200[39m [90m45 ms - 14[39m
[35m[HTTP][39m [90m[39m
[35m[HTTP][39m [37m-->[39m [37mGET[39m [37m/wd/hub/session/e3f98f98-745f-434a-ad6a-3d9c6a0c8d49/source[39m
[35m[HTTP][39m [90m{}[39m
[35m[W3C (e3f98f98)][39m Driver proxy active, passing request on via HTTP proxy
[35m[WD Proxy][39m Replacing sessionId c50b8eeb-2ca4-4186-801a-1d2992ca451a with e3f98f98-745f-434a-ad6a-3d9c6a0c8d49
[35m[HTTP][39m [37m<-- GET /wd/hub/session/e3f98f98-745f-434a-ad6a-3d9c6a0c8d49/source [39m[32m200[39m [90m316 ms - 6220[39m
[35m[HTTP][39m [90m[39m
[35m[HTTP][39m [37m-->[39m [37mGET[39m [37m/wd/hub/session/e3f98f98-745f-434a-ad6a-3d9c6a0c8d49/screenshot[39m
[35m[HTTP][39m [90m{}[39m
[35m[HTTP][39m [37m<-- GET /wd/hub/session/e3f98f98-745f-434a-ad6a-3d9c6a0c8d49/screenshot [39m[32m200[39m [90m627 ms - 313270[39m
[35m[HTTP][39m [90m[39m
[35m[HTTP][39m [37m-->[39m [37mPOST[39m [37m/wd/hub/session/e3f98f98-745f-434a-ad6a-3d9c6a0c8d49/elements[39m
[35m[HTTP][39m [90m{"using":"xpath","value":"//*[@class = 'android.widget.Button' and @resource-id = '' and (@text = '' or . = '')]"}[39m
[35m[HTTP][39m [37m<-- POST /wd/hub/session/e3f98f98-745f-434a-ad6a-3d9c6a0c8d49/elements [39m[32m200[39m [90m48 ms - 267[39m
[35m[HTTP][39m [90m[39m
[35m[HTTP][39m [37m-->[39m [37mPOST[39m [37m/wd/hub/session/e3f98f98-745f-434a-ad6a-3d9c6a0c8d49/elements[39m
[35m[HTTP][39m [90m{"using":"accessibility id","value":"Create"}[39m
[35m[HTTP][39m [37m<-- POST /wd/hub/session/e3f98f98-745f-434a-ad6a-3d9c6a0c8d49/elements [39m[32m200[39m [90m19 ms - 139[39m
[35m[HTTP][39m [90m[39m
[35m[HTTP][39m [37m-->[39m [37mGET[39m [37m/wd/hub/session/e3f98f98-745f-434a-ad6a-3d9c6a0c8d49/window/rect[39m
[35m[HTTP][39m [90m{}[39m
[35m[HTTP][39m [37m<-- GET /wd/hub/session/e3f98f98-745f-434a-ad6a-3d9c6a0c8d49/window/rect [39m[32m200[39m [90m10 ms - 50[39m
[35m[HTTP][39m [90m[39m
[35m[HTTP][39m [37m-->[39m [37mPOST[39m [37m/wd/hub/session/e3f98f98-745f-434a-ad6a-3d9c6a0c8d49/elements[39m
[35m[HTTP][39m [90m{"using":"accessibility id","value":"Create"}[39m
[35m[HTTP][39m [37m<-- POST /wd/hub/session/e3f98f98-745f-434a-ad6a-3d9c6a0c8d49/elements [39m[32m200[39m [90m19 ms - 139[39m
[35m[HTTP][39m [90m[39m
[35m[HTTP][39m [37m-->[39m [37mGET[39m [37m/wd/hub/session/e3f98f98-745f-434a-ad6a-3d9c6a0c8d49/element/00000000-0000-000b-0000-012600000003/location[39m
[35m[HTTP][39m [90m{}[39m
[35m[W3C (e3f98f98)][39m Driver proxy active, passing request on via HTTP proxy
[35m[WD Proxy][39m Replacing sessionId c50b8eeb-2ca4-4186-801a-1d2992ca451a with e3f98f98-745f-434a-ad6a-3d9c6a0c8d49
[35m[HTTP][39m [37m<-- GET /wd/hub/session/e3f98f98-745f-434a-ad6a-3d9c6a0c8d49/element/00000000-0000-000b-0000-012600000003/location [39m[32m200[39m [90m16 ms - 79[39m
[35m[HTTP][39m [90m[39m
[35m[HTTP][39m [37m-->[39m [37mPOST[39m [37m/wd/hub/session/e3f98f98-745f-434a-ad6a-3d9c6a0c8d49/element/00000000-0000-000b-0000-012600000003/click[39m
[35m[HTTP][39m [90m{"id":"00000000-0000-000b-0000-012600000003"}[39m
[35m[HTTP][39m [37m<-- POST /wd/hub/session/e3f98f98-745f-434a-ad6a-3d9c6a0c8d49/element/00000000-0000-000b-0000-012600000003/click [39m[32m200[39m [90m1098 ms - 14[39m
[35m[HTTP][39m [90m[39m
[35m[HTTP][39m [37m-->[39m [37mGET[39m [37m/wd/hub/session/e3f98f98-745f-434a-ad6a-3d9c6a0c8d49/source[39m
[35m[HTTP][39m [90m{}[39m
[35m[W3C (e3f98f98)][39m Driver proxy active, passing request on via HTTP proxy
[35m[WD Proxy][39m Replacing sessionId c50b8eeb-2ca4-4186-801a-1d2992ca451a with e3f98f98-745f-434a-ad6a-3d9c6a0c8d49
[35m[HTTP][39m [37m<-- GET /wd/hub/session/e3f98f98-745f-434a-ad6a-3d9c6a0c8d49/source [39m[32m200[39m [90m24 ms - 4429[39m
[35m[HTTP][39m [90m[39m
[35m[HTTP][39m [37m-->[39m [37mGET[39m [37m/wd/hub/session/e3f98f98-745f-434a-ad6a-3d9c6a0c8d49/screenshot[39m
[35m[HTTP][39m [90m{}[39m
[35m[HTTP][39m [37m<-- GET /wd/hub/session/e3f98f98-745f-434a-ad6a-3d9c6a0c8d49/screenshot [39m[32m200[39m [90m608 ms - 306094[39m
[35m[HTTP][39m [90m[39m
[35m[HTTP][39m [37m-->[39m [37mGET[39m [37m/wd/hub/session/e3f98f98-745f-434a-ad6a-3d9c6a0c8d49/screenshot[39m
[35m[HTTP][39m [90m{}[39m
[35m[HTTP][39m [37m<-- GET /wd/hub/session/e3f98f98-745f-434a-ad6a-3d9c6a0c8d49/screenshot [39m[32m200[39m [90m607 ms - 306328[39m
[35m[HTTP][39m [90m[39m
[35m[HTTP][39m [37m-->[39m [37mGET[39m [37m/wd/hub/session/e3f98f98-745f-434a-ad6a-3d9c6a0c8d49/source[39m
[35m[HTTP][39m [90m{}[39m
[35m[W3C (e3f98f98)][39m Driver proxy active, passing request on via HTTP proxy
[35m[WD Proxy][39m Replacing sessionId c50b8eeb-2ca4-4186-801a-1d2992ca451a with e3f98f98-745f-434a-ad6a-3d9c6a0c8d49
[35m[HTTP][39m [37m<-- GET /wd/hub/session/e3f98f98-745f-434a-ad6a-3d9c6a0c8d49/source [39m[32m200[39m [90m39 ms - 4429[39m
[35m[HTTP][39m [90m[39m
[35m[HTTP][39m [37m-->[39m [37mGET[39m [37m/wd/hub/session/e3f98f98-745f-434a-ad6a-3d9c6a0c8d49/screenshot[39m
[35m[HTTP][39m [90m{}[39m
[35m[HTTP][39m [37m<-- GET /wd/hub/session/e3f98f98-745f-434a-ad6a-3d9c6a0c8d49/screenshot [39m[32m200[39m [90m830 ms - 306328[39m
[35m[HTTP][39m [90m[39m
[35m[HTTP][39m [37m-->[39m [37mGET[39m [37m/wd/hub/session/e3f98f98-745f-434a-ad6a-3d9c6a0c8d49/context[39m
[35m[HTTP][39m [90m{}[39m
[35m[HTTP][39m [37m<-- GET /wd/hub/session/e3f98f98-745f-434a-ad6a-3d9c6a0c8d49/context [39m[32m200[39m [90m5 ms - 22[39m
[35m[HTTP][39m [90m[39m
[35m[HTTP][39m [37m-->[39m [37mGET[39m [37m/wd/hub/session/e3f98f98-745f-434a-ad6a-3d9c6a0c8d49/contexts[39m
[35m[HTTP][39m [90m{}[39m
[35m[HTTP][39m [37m<-- GET /wd/hub/session/e3f98f98-745f-434a-ad6a-3d9c6a0c8d49/contexts [39m[32m200[39m [90m92 ms - 24[39m
[35m[HTTP][39m [90m[39m
[35m[HTTP][39m [37m-->[39m [37mPOST[39m [37m/wd/hub/session/e3f98f98-745f-434a-ad6a-3d9c6a0c8d49/context[39m
[35m[HTTP][39m [90m{"name":"NATIVE_APP"}[39m
[35m[HTTP][39m [37m<-- POST /wd/hub/session/e3f98f98-745f-434a-ad6a-3d9c6a0c8d49/context [39m[32m200[39m [90m1 ms - 14[39m
[35m[HTTP][39m [90m[39m
[35m[HTTP][39m [37m-->[39m [37mPOST[39m [37m/wd/hub/session/e3f98f98-745f-434a-ad6a-3d9c6a0c8d49/appium/device/press_keycode[39m
[35m[HTTP][39m [90m{"keycode":4}[39m
[35m[HTTP][39m [37m<-- POST /wd/hub/session/e3f98f98-745f-434a-ad6a-3d9c6a0c8d49/appium/device/press_keycode [39m[32m200[39m [90m44 ms - 14[39m
[35m[HTTP][39m [90m[39m
[35m[HTTP][39m [37m-->[39m [37mPOST[39m [37m/wd/hub/session/e3f98f98-745f-434a-ad6a-3d9c6a0c8d49/context[39m
[35m[HTTP][39m [90m{"name":"NATIVE_APP"}[39m
[35m[HTTP][39m [37m<-- POST /wd/hub/session/e3f98f98-745f-434a-ad6a-3d9c6a0c8d49/context [39m[32m200[39m [90m1 ms - 14[39m
[35m[HTTP][39m [90m[39m
[35m[HTTP][39m [37m-->[39m [37mGET[39m [37m/wd/hub/session/e3f98f98-745f-434a-ad6a-3d9c6a0c8d49/source[39m
[35m[HTTP][39m [90m{}[39m
[35m[W3C (e3f98f98)][39m Driver proxy active, passing request on via HTTP proxy
[35m[WD Proxy][39m Replacing sessionId c50b8eeb-2ca4-4186-801a-1d2992ca451a with e3f98f98-745f-434a-ad6a-3d9c6a0c8d49
[35m[HTTP][39m [37m<-- GET /wd/hub/session/e3f98f98-745f-434a-ad6a-3d9c6a0c8d49/source [39m[32m200[39m [90m209 ms - 13089[39m
[35m[HTTP][39m [90m[39m
[35m[HTTP][39m [37m-->[39m [37mGET[39m [37m/wd/hub/session/e3f98f98-745f-434a-ad6a-3d9c6a0c8d49/screenshot[39m
[35m[HTTP][39m [90m{}[39m
[35m[HTTP][39m [37m<-- GET /wd/hub/session/e3f98f98-745f-434a-ad6a-3d9c6a0c8d49/screenshot [39m[32m200[39m [90m648 ms - 360660[39m
[35m[HTTP][39m [90m[39m
[35m[HTTP][39m [37m-->[39m [37mDELETE[39m [37m/wd/hub/session/e3f98f98-745f-434a-ad6a-3d9c6a0c8d49[39m
[35m[HTTP][39m [90m{}[39m
[35m[Appium][39m Removing session e3f98f98-745f-434a-ad6a-3d9c6a0c8d49 from our master session list
[35m[UiAutomator2][39m Restoring hidden api policy to the device default configuration
[35m[HTTP][39m [37m<-- DELETE /wd/hub/session/e3f98f98-745f-434a-ad6a-3d9c6a0c8d49 [39m[32m200[39m [90m348 ms - 14[39m
[35m[HTTP][39m [90m[39m
